<?xml version="1.0" encoding="UTF-8"?>
<!-- Generated by org.testng.reporters.JUnitReportReporter -->
<testsuite skipped="0" hostname="yf-003" name="com.yvan.SearchKeywordParameter" tests="2" failures="0" timestamp="17 二月 2019 08:20:27 GMT" time="23.408" errors="0">
  <testcase name="test" time="8.473" classname="com.yvan.SearchKeywordParameter"/>
  <testcase name="test" time="14.935" classname="com.yvan.SearchKeywordParameter"/>
</testsuite> <!-- com.yvan.SearchKeywordParameter -->
